app/build/intermediates/manifest_merge_blame_file/release/manifest-merger-blame-release-report.txt
1<?xml version="1.0" encoding="utf-8"?>
2<manifest xmlns:android="http://schemas.android.com/apk/res/android"
3    package="com.stronger.bankNotification"
4    android:versionCode="1"
5    android:versionName="Debug" >
6
7    <uses-sdk
8        android:minSdkVersion="22"
8-->src\main\AndroidManifest.xml
9        android:targetSdkVersion="29" />
9-->src\main\AndroidManifest.xml
10
11    <uses-permission android:name="android.permission.ACCESS_NETWORK_STATE" />
11-->src\main\AndroidManifest.xml:6:5-79
11-->src\main\AndroidManifest.xml:6:22-76
12    <uses-permission android:name="android.permission.INTERNET" />
12-->src\main\AndroidManifest.xml:7:5-67
12-->src\main\AndroidManifest.xml:7:22-64
13    <uses-permission android:name="android.permission.RECEIVE_SMS" />
13-->src\main\AndroidManifest.xml:8:5-70
13-->src\main\AndroidManifest.xml:8:22-67
14    <uses-permission android:name="android.permission.RECEIVE_BOOT_COMPLETED" />
14-->src\main\AndroidManifest.xml:9:5-81
14-->src\main\AndroidManifest.xml:9:22-78
15    <uses-permission android:name="android.permission.FOREGROUND_SERVICE" />
15-->src\main\AndroidManifest.xml:10:5-77
15-->src\main\AndroidManifest.xml:10:22-74
16    <uses-permission android:name="android.permission.REQUEST_IGNORE_BATTERY_OPTIMIZATIONS" />
16-->src\main\AndroidManifest.xml:11:5-95
16-->src\main\AndroidManifest.xml:11:22-92
17    <uses-permission android:name="android.permission.WAKE_LOCK" />
17-->src\main\AndroidManifest.xml:12:5-68
17-->src\main\AndroidManifest.xml:12:22-65
18
19    <application
19-->src\main\AndroidManifest.xml:14:5-53:19
20        android:allowBackup="false"
20-->src\main\AndroidManifest.xml:15:9-36
21        android:appComponentFactory="androidx.core.app.CoreComponentFactory"
21-->[androidx.core:core:1.3.0] AndroidManifest.xml:24:18-86
22        android:icon="@mipmap/ic_launcher"
22-->src\main\AndroidManifest.xml:16:9-43
23        android:label="@string/AppName"
23-->src\main\AndroidManifest.xml:17:9-40
24        android:networkSecurityConfig="@xml/network_security_config"
24-->src\main\AndroidManifest.xml:18:9-69
25        android:roundIcon="@mipmap/ic_launcher_round"
25-->src\main\AndroidManifest.xml:19:9-54
26        android:supportsRtl="true"
26-->src\main\AndroidManifest.xml:20:9-35
27        android:theme="@style/AppTheme" >
27-->src\main\AndroidManifest.xml:21:9-40
28        <service
28-->src\main\AndroidManifest.xml:25:9-32:19
29            android:name="com.stronger.bankNotification.notification_listener_service"
29-->src\main\AndroidManifest.xml:26:13-58
30            android:label="@string/AppName"
30-->src\main\AndroidManifest.xml:27:13-44
31            android:permission="android.permission.BIND_NOTIFICATION_LISTENER_SERVICE" >
31-->src\main\AndroidManifest.xml:28:13-87
32            <intent-filter>
32-->src\main\AndroidManifest.xml:29:13-31:29
33                <action android:name="android.service.notification.NotificationListenerService" />
33-->src\main\AndroidManifest.xml:30:17-99
33-->src\main\AndroidManifest.xml:30:25-96
34            </intent-filter>
35        </service>
36
37        <receiver
37-->src\main\AndroidManifest.xml:33:9-41:20
38            android:name="com.stronger.bankNotification.sms_receiver"
38-->src\main\AndroidManifest.xml:34:13-41
39            android:enabled="true"
39-->src\main\AndroidManifest.xml:35:13-35
40            android:exported="true"
40-->src\main\AndroidManifest.xml:36:13-36
41            android:permission="android.permission.BROADCAST_SMS" >
41-->src\main\AndroidManifest.xml:37:13-66
42            <intent-filter android:priority="2147483647" >
42-->src\main\AndroidManifest.xml:38:13-40:29
42-->src\main\AndroidManifest.xml:38:28-57
43                <action android:name="android.provider.Telephony.SMS_RECEIVED" />
43-->src\main\AndroidManifest.xml:39:17-82
43-->src\main\AndroidManifest.xml:39:25-79
44            </intent-filter>
45        </receiver>
46
47        <activity
47-->src\main\AndroidManifest.xml:43:9-52:20
48            android:name="com.stronger.bankNotification.main_activity"
48-->src\main\AndroidManifest.xml:44:13-42
49            android:label="@string/AppName"
49-->src\main\AndroidManifest.xml:45:13-44
50            android:windowSoftInputMode="adjustPan" >
50-->src\main\AndroidManifest.xml:46:13-52
51            <intent-filter>
51-->src\main\AndroidManifest.xml:47:13-50:29
52                <action android:name="android.intent.action.MAIN" />
52-->src\main\AndroidManifest.xml:48:17-69
52-->src\main\AndroidManifest.xml:48:25-66
53
54                <category android:name="android.intent.category.LAUNCHER" />
54-->src\main\AndroidManifest.xml:49:17-77
54-->src\main\AndroidManifest.xml:49:27-74
55            </intent-filter>
56        </activity>
57    </application>
58
59</manifest>